app/build/intermediates/manifest_merge_blame_file/debug/processDebugMainManifest/manifest-merger-blame-debug-report.txt
1<?xml version="1.0" encoding="utf-8"?>
2<manifest xmlns:android="http://schemas.android.com/apk/res/android"
3    package="com.example.assignment"
4    android:versionCode="1"
5    android:versionName="1.0" >
6
7    <uses-sdk
8        android:minSdkVersion="24"
9        android:targetSdkVersion="35" />
10
11    <permission
11-->[androidx.core:core:1.15.0] AndroidManifest.xml:22:5-24:47
12        android:name="com.example.assignment.DYNAMIC_RECEIVER_NOT_EXPORTED_PERMISSION"
12-->[androidx.core:core:1.15.0] AndroidManifest.xml:23:9-81
13        android:protectionLevel="signature" />
13-->[androidx.core:core:1.15.0] AndroidManifest.xml:24:9-44
14
15    <uses-permission android:name="com.example.assignment.DYNAMIC_RECEIVER_NOT_EXPORTED_PERMISSION" />
15-->[androidx.core:core:1.15.0] AndroidManifest.xml:26:5-97
15-->[androidx.core:core:1.15.0] AndroidManifest.xml:26:22-94
16
17    <application
17-->src\main\AndroidManifest.xml:5:5-126:19
18        android:allowBackup="true"
18-->src\main\AndroidManifest.xml:6:9-35
19        android:appComponentFactory="androidx.core.app.CoreComponentFactory"
19-->[androidx.core:core:1.15.0] AndroidManifest.xml:28:18-86
20        android:dataExtractionRules="@xml/data_extraction_rules"
20-->src\main\AndroidManifest.xml:7:9-65
21        android:debuggable="true"
22        android:extractNativeLibs="false"
23        android:fullBackupContent="@xml/backup_rules"
23-->src\main\AndroidManifest.xml:8:9-54
24        android:icon="@mipmap/ic_launcher"
24-->src\main\AndroidManifest.xml:9:9-43
25        android:label="@string/app_name"
25-->src\main\AndroidManifest.xml:10:9-41
26        android:roundIcon="@mipmap/ic_launcher_round"
26-->src\main\AndroidManifest.xml:11:9-54
27        android:supportsRtl="true"
27-->src\main\AndroidManifest.xml:12:9-35
28        android:theme="@style/Theme.Assignment" >
28-->src\main\AndroidManifest.xml:13:9-48
29        <activity
29-->src\main\AndroidManifest.xml:15:9-23:20
30            android:name="com.example.assignment.Delete"
30-->src\main\AndroidManifest.xml:16:13-35
31            android:exported="true" >
31-->src\main\AndroidManifest.xml:17:13-36
32            <intent-filter>
32-->src\main\AndroidManifest.xml:18:13-22:29
33                <action android:name="android.intent.action.MAIN" />
33-->src\main\AndroidManifest.xml:19:17-69
33-->src\main\AndroidManifest.xml:19:25-66
34
35                <category android:name="android.intent.category.LAUNCHER" />
35-->src\main\AndroidManifest.xml:21:17-77
35-->src\main\AndroidManifest.xml:21:27-74
36            </intent-filter>
37        </activity>
38        <activity
38-->src\main\AndroidManifest.xml:24:9-32:20
39            android:name="com.example.assignment.MainActivity4"
39-->src\main\AndroidManifest.xml:25:13-42
40            android:exported="true" >
40-->src\main\AndroidManifest.xml:26:13-36
41            <intent-filter>
41-->src\main\AndroidManifest.xml:18:13-22:29
42                <action android:name="android.intent.action.MAIN" />
42-->src\main\AndroidManifest.xml:19:17-69
42-->src\main\AndroidManifest.xml:19:25-66
43
44                <category android:name="android.intent.category.LAUNCHER" />
44-->src\main\AndroidManifest.xml:21:17-77
44-->src\main\AndroidManifest.xml:21:27-74
45            </intent-filter>
46        </activity>
47        <activity
47-->src\main\AndroidManifest.xml:33:9-41:20
48            android:name="com.example.assignment.application3"
48-->src\main\AndroidManifest.xml:34:13-41
49            android:exported="true" >
49-->src\main\AndroidManifest.xml:35:13-36
50            <intent-filter>
50-->src\main\AndroidManifest.xml:18:13-22:29
51                <action android:name="android.intent.action.MAIN" />
51-->src\main\AndroidManifest.xml:19:17-69
51-->src\main\AndroidManifest.xml:19:25-66
52
53                <category android:name="android.intent.category.LAUNCHER" />
53-->src\main\AndroidManifest.xml:21:17-77
53-->src\main\AndroidManifest.xml:21:27-74
54            </intent-filter>
55        </activity>
56        <activity
56-->src\main\AndroidManifest.xml:42:9-50:20
57            android:name="com.example.assignment.Gym"
57-->src\main\AndroidManifest.xml:43:13-32
58            android:exported="true" >
58-->src\main\AndroidManifest.xml:44:13-36
59            <intent-filter>
59-->src\main\AndroidManifest.xml:18:13-22:29
60                <action android:name="android.intent.action.MAIN" />
60-->src\main\AndroidManifest.xml:19:17-69
60-->src\main\AndroidManifest.xml:19:25-66
61
62                <category android:name="android.intent.category.LAUNCHER" />
62-->src\main\AndroidManifest.xml:21:17-77
62-->src\main\AndroidManifest.xml:21:27-74
63            </intent-filter>
64        </activity>
65        <activity
65-->src\main\AndroidManifest.xml:51:9-59:20
66            android:name="com.example.assignment.CommunityApplication"
66-->src\main\AndroidManifest.xml:52:13-49
67            android:exported="true" >
67-->src\main\AndroidManifest.xml:53:13-36
68            <intent-filter>
68-->src\main\AndroidManifest.xml:18:13-22:29
69                <action android:name="android.intent.action.MAIN" />
69-->src\main\AndroidManifest.xml:19:17-69
69-->src\main\AndroidManifest.xml:19:25-66
70
71                <category android:name="android.intent.category.LAUNCHER" />
71-->src\main\AndroidManifest.xml:21:17-77
71-->src\main\AndroidManifest.xml:21:27-74
72            </intent-filter>
73        </activity>
74        <activity
74-->src\main\AndroidManifest.xml:60:9-68:20
75            android:name="com.example.assignment.dashboard"
75-->src\main\AndroidManifest.xml:61:13-38
76            android:exported="true" >
76-->src\main\AndroidManifest.xml:62:13-36
77            <intent-filter>
77-->src\main\AndroidManifest.xml:18:13-22:29
78                <action android:name="android.intent.action.MAIN" />
78-->src\main\AndroidManifest.xml:19:17-69
78-->src\main\AndroidManifest.xml:19:25-66
79
80                <category android:name="android.intent.category.LAUNCHER" />
80-->src\main\AndroidManifest.xml:21:17-77
80-->src\main\AndroidManifest.xml:21:27-74
81            </intent-filter>
82        </activity>
83        <activity
83-->src\main\AndroidManifest.xml:69:9-71:40
84            android:name="com.example.assignment.Dashboard"
84-->src\main\AndroidManifest.xml:70:13-38
85            android:exported="false" />
85-->src\main\AndroidManifest.xml:71:13-37
86        <activity
86-->src\main\AndroidManifest.xml:72:9-80:20
87            android:name="com.example.assignment.Application"
87-->src\main\AndroidManifest.xml:73:13-40
88            android:exported="true" >
88-->src\main\AndroidManifest.xml:74:13-36
89            <intent-filter>
89-->src\main\AndroidManifest.xml:18:13-22:29
90                <action android:name="android.intent.action.MAIN" />
90-->src\main\AndroidManifest.xml:19:17-69
90-->src\main\AndroidManifest.xml:19:25-66
91
92                <category android:name="android.intent.category.LAUNCHER" />
92-->src\main\AndroidManifest.xml:21:17-77
92-->src\main\AndroidManifest.xml:21:27-74
93            </intent-filter>
94        </activity>
95        <activity
95-->src\main\AndroidManifest.xml:81:9-89:20
96            android:name="com.example.assignment.Home"
96-->src\main\AndroidManifest.xml:82:13-33
97            android:exported="true" >
97-->src\main\AndroidManifest.xml:83:13-36
98            <intent-filter>
98-->src\main\AndroidManifest.xml:18:13-22:29
99                <action android:name="android.intent.action.MAIN" />
99-->src\main\AndroidManifest.xml:19:17-69
99-->src\main\AndroidManifest.xml:19:25-66
100
101                <category android:name="android.intent.category.LAUNCHER" />
101-->src\main\AndroidManifest.xml:21:17-77
101-->src\main\AndroidManifest.xml:21:27-74
102            </intent-filter>
103        </activity>
104        <activity
104-->src\main\AndroidManifest.xml:90:9-98:20
105            android:name="com.example.assignment.Register"
105-->src\main\AndroidManifest.xml:91:13-37
106            android:exported="true" >
106-->src\main\AndroidManifest.xml:92:13-36
107            <intent-filter>
107-->src\main\AndroidManifest.xml:18:13-22:29
108                <action android:name="android.intent.action.MAIN" />
108-->src\main\AndroidManifest.xml:19:17-69
108-->src\main\AndroidManifest.xml:19:25-66
109
110                <category android:name="android.intent.category.LAUNCHER" />
110-->src\main\AndroidManifest.xml:21:17-77
110-->src\main\AndroidManifest.xml:21:27-74
111            </intent-filter>
112        </activity>
113        <activity
113-->src\main\AndroidManifest.xml:99:9-107:20
114            android:name="com.example.assignment.Login"
114-->src\main\AndroidManifest.xml:100:13-34
115            android:exported="true" >
115-->src\main\AndroidManifest.xml:101:13-36
116            <intent-filter>
116-->src\main\AndroidManifest.xml:18:13-22:29
117                <action android:name="android.intent.action.MAIN" />
117-->src\main\AndroidManifest.xml:19:17-69
117-->src\main\AndroidManifest.xml:19:25-66
118
119                <category android:name="android.intent.category.LAUNCHER" />
119-->src\main\AndroidManifest.xml:21:17-77
119-->src\main\AndroidManifest.xml:21:27-74
120            </intent-filter>
121        </activity>
122        <activity
122-->src\main\AndroidManifest.xml:108:9-116:20
123            android:name="com.example.assignment.MainActivity"
123-->src\main\AndroidManifest.xml:109:13-41
124            android:exported="true" >
124-->src\main\AndroidManifest.xml:110:13-36
125            <intent-filter>
125-->src\main\AndroidManifest.xml:18:13-22:29
126                <action android:name="android.intent.action.MAIN" />
126-->src\main\AndroidManifest.xml:19:17-69
126-->src\main\AndroidManifest.xml:19:25-66
127
128                <category android:name="android.intent.category.LAUNCHER" />
128-->src\main\AndroidManifest.xml:21:17-77
128-->src\main\AndroidManifest.xml:21:27-74
129            </intent-filter>
130        </activity>
131        <activity
131-->src\main\AndroidManifest.xml:117:9-125:20
132            android:name="com.example.assignment.Interface2"
132-->src\main\AndroidManifest.xml:118:13-39
133            android:exported="true" >
133-->src\main\AndroidManifest.xml:119:13-36
134            <intent-filter>
134-->src\main\AndroidManifest.xml:18:13-22:29
135                <action android:name="android.intent.action.MAIN" />
135-->src\main\AndroidManifest.xml:19:17-69
135-->src\main\AndroidManifest.xml:19:25-66
136
137                <category android:name="android.intent.category.LAUNCHER" />
137-->src\main\AndroidManifest.xml:21:17-77
137-->src\main\AndroidManifest.xml:21:27-74
138            </intent-filter>
139        </activity>
140
141        <provider
141-->[androidx.emoji2:emoji2:1.3.0] AndroidManifest.xml:24:9-32:20
142            android:name="androidx.startup.InitializationProvider"
142-->[androidx.emoji2:emoji2:1.3.0] AndroidManifest.xml:25:13-67
143            android:authorities="com.example.assignment.androidx-startup"
143-->[androidx.emoji2:emoji2:1.3.0] AndroidManifest.xml:26:13-68
144            android:exported="false" >
144-->[androidx.emoji2:emoji2:1.3.0] AndroidManifest.xml:27:13-37
145            <meta-data
145-->[androidx.emoji2:emoji2:1.3.0] AndroidManifest.xml:29:13-31:52
146                android:name="androidx.emoji2.text.EmojiCompatInitializer"
146-->[androidx.emoji2:emoji2:1.3.0] AndroidManifest.xml:30:17-75
147                android:value="androidx.startup" />
147-->[androidx.emoji2:emoji2:1.3.0] AndroidManifest.xml:31:17-49
148            <meta-data
148-->[androidx.lifecycle:lifecycle-process:2.6.2] AndroidManifest.xml:29:13-31:52
149                android:name="androidx.lifecycle.ProcessLifecycleInitializer"
149-->[androidx.lifecycle:lifecycle-process:2.6.2] AndroidManifest.xml:30:17-78
150                android:value="androidx.startup" />
150-->[androidx.lifecycle:lifecycle-process:2.6.2] AndroidManifest.xml:31:17-49
151            <meta-data
151-->[androidx.profileinstaller:profileinstaller:1.4.0] AndroidManifest.xml:29:13-31:52
152                android:name="androidx.profileinstaller.ProfileInstallerInitializer"
152-->[androidx.profileinstaller:profileinstaller:1.4.0] AndroidManifest.xml:30:17-85
153                android:value="androidx.startup" />
153-->[androidx.profileinstaller:profileinstaller:1.4.0] AndroidManifest.xml:31:17-49
154        </provider>
155
156        <receiver
156-->[androidx.profileinstaller:profileinstaller:1.4.0] AndroidManifest.xml:34:9-52:20
157            android:name="androidx.profileinstaller.ProfileInstallReceiver"
157-->[androidx.profileinstaller:profileinstaller:1.4.0] AndroidManifest.xml:35:13-76
158            android:directBootAware="false"
158-->[androidx.profileinstaller:profileinstaller:1.4.0] AndroidManifest.xml:36:13-44
159            android:enabled="true"
159-->[androidx.profileinstaller:profileinstaller:1.4.0] AndroidManifest.xml:37:13-35
160            android:exported="true"
160-->[androidx.profileinstaller:profileinstaller:1.4.0] AndroidManifest.xml:38:13-36
161            android:permission="android.permission.DUMP" >
161-->[androidx.profileinstaller:profileinstaller:1.4.0] AndroidManifest.xml:39:13-57
162            <intent-filter>
162-->[androidx.profileinstaller:profileinstaller:1.4.0] AndroidManifest.xml:40:13-42:29
163                <action android:name="androidx.profileinstaller.action.INSTALL_PROFILE" />
163-->[androidx.profileinstaller:profileinstaller:1.4.0] AndroidManifest.xml:41:17-91
163-->[androidx.profileinstaller:profileinstaller:1.4.0] AndroidManifest.xml:41:25-88
164            </intent-filter>
165            <intent-filter>
165-->[androidx.profileinstaller:profileinstaller:1.4.0] AndroidManifest.xml:43:13-45:29
166                <action android:name="androidx.profileinstaller.action.SKIP_FILE" />
166-->[androidx.profileinstaller:profileinstaller:1.4.0] AndroidManifest.xml:44:17-85
166-->[androidx.profileinstaller:profileinstaller:1.4.0] AndroidManifest.xml:44:25-82
167            </intent-filter>
168            <intent-filter>
168-->[androidx.profileinstaller:profileinstaller:1.4.0] AndroidManifest.xml:46:13-48:29
169                <action android:name="androidx.profileinstaller.action.SAVE_PROFILE" />
169-->[androidx.profileinstaller:profileinstaller:1.4.0] AndroidManifest.xml:47:17-88
169-->[androidx.profileinstaller:profileinstaller:1.4.0] AndroidManifest.xml:47:25-85
170            </intent-filter>
171            <intent-filter>
171-->[androidx.profileinstaller:profileinstaller:1.4.0] AndroidManifest.xml:49:13-51:29
172                <action android:name="androidx.profileinstaller.action.BENCHMARK_OPERATION" />
172-->[androidx.profileinstaller:profileinstaller:1.4.0] AndroidManifest.xml:50:17-95
172-->[androidx.profileinstaller:profileinstaller:1.4.0] AndroidManifest.xml:50:25-92
173            </intent-filter>
174        </receiver>
175    </application>
176
177</manifest>